[2025-04-05 19:34:03] METHOD STARTED
[2025-04-05 19:34:03] CURRENT DATE: 2025-04-29
[2025-04-05 19:34:03] NEW DATE WILL BE: 2026-04-29
[2025-04-05 19:34:03] EXECUTING QUERY: UPDATE websites SET expiry_date = ? WHERE id = ?
[2025-04-05 19:34:03] QUERY SUCCEEDED
[2025-04-05 19:34:03] ACTUAL NEW DATE IN DB: 2026-04-29
[2025-04-05 19:47:54] METHOD STARTED
[2025-04-05 19:47:54] CURRENT DATE: 2026-04-29
[2025-04-05 19:47:54] NEW DATE WILL BE: 2027-04-29
[2025-04-05 19:47:54] EXECUTING QUERY: UPDATE websites SET expiry_date = ? WHERE id = ?
[2025-04-05 19:47:54] QUERY SUCCEEDED
[2025-04-05 19:47:54] ACTUAL NEW DATE IN DB: 2027-04-29
[2025-04-05 19:54:23] METHOD STARTED
[2025-04-05 19:54:23] CURRENT DATE: 2025-04-29
[2025-04-05 19:54:23] NEW DATE WILL BE: 2026-04-29
[2025-04-05 19:54:23] EXECUTING QUERY: UPDATE websites SET expiry_date = ? WHERE id = ?
[2025-04-05 19:54:23] QUERY SUCCEEDED
[2025-04-05 19:54:23] ACTUAL NEW DATE IN DB: 2026-04-29
[2025-04-05 19:56:43] METHOD STARTED
[2025-04-05 19:56:43] CURRENT DATE: 2025-04-23
[2025-04-05 19:56:43] NEW DATE WILL BE: 2026-04-23
[2025-04-05 19:56:43] EXECUTING QUERY: UPDATE websites SET expiry_date = ? WHERE id = ?
[2025-04-05 19:56:43] QUERY SUCCEEDED
[2025-04-05 19:56:43] ACTUAL NEW DATE IN DB: 2026-04-23
[2025-04-05 20:08:55] METHOD STARTED
[2025-04-05 20:08:55] CURRENT DATE: 2025-04-29
[2025-04-05 20:08:55] NEW DATE WILL BE: 2026-04-29
[2025-04-05 20:08:55] EXECUTING QUERY: UPDATE websites SET expiry_date = ? WHERE id = ?
[2025-04-05 20:08:55] QUERY SUCCEEDED
[2025-04-05 20:08:55] ACTUAL NEW DATE IN DB: 2026-04-29
[2025-04-05 20:40:06] METHOD STARTED
[2025-04-05 20:40:06] CURRENT DATE: 2025-04-22
[2025-04-05 20:40:06] NEW DATE WILL BE: 2026-04-22
[2025-04-05 20:40:06] EXECUTING QUERY: UPDATE websites SET expiry_date = ? WHERE id = ?
[2025-04-05 20:40:06] QUERY SUCCEEDED
[2025-04-05 20:40:06] ACTUAL NEW DATE IN DB: 2026-04-22
[2025-04-05 20:45:37] METHOD STARTED
[2025-04-05 20:45:37] CURRENT DATE: 2025-04-22
[2025-04-05 20:45:37] NEW DATE WILL BE: 2026-04-22
[2025-04-05 20:45:37] EXECUTING QUERY: UPDATE websites SET expiry_date = ? WHERE id = ?
[2025-04-05 20:45:37] QUERY SUCCEEDED
[2025-04-05 20:45:37] ACTUAL NEW DATE IN DB: 2026-04-22
[2025-04-05 20:51:20] METHOD STARTED
[2025-04-05 20:51:20] CURRENT DATE: 2025-04-22
[2025-04-05 20:51:20] NEW DATE WILL BE: 2026-04-22
[2025-04-05 20:51:20] EXECUTING QUERY: UPDATE websites SET expiry_date = ? WHERE id = ?
[2025-04-05 20:51:20] QUERY SUCCEEDED
[2025-04-05 20:51:20] ACTUAL NEW DATE IN DB: 2026-04-22
[2025-04-05 20:57:13] METHOD STARTED
[2025-04-05 20:57:13] CURRENT DATE: 2025-04-16
[2025-04-05 20:57:13] NEW DATE WILL BE: 2026-04-16
[2025-04-05 20:57:13] EXECUTING QUERY: UPDATE websites SET expiry_date = ? WHERE id = ?
[2025-04-05 20:57:13] QUERY SUCCEEDED
[2025-04-05 20:57:13] ACTUAL NEW DATE IN DB: 2026-04-16
[2025-04-06 19:56:54] METHOD STARTED
[2025-04-06 19:56:54] CURRENT DATE: 2025-04-29
[2025-04-06 19:56:54] NEW DATE WILL BE: 2026-04-29
[2025-04-06 19:56:54] EXECUTING QUERY: UPDATE websites SET expiry_date = ? WHERE id = ?
[2025-04-06 19:56:54] QUERY SUCCEEDED
[2025-04-06 19:56:54] ACTUAL NEW DATE IN DB: 2026-04-29
[2025-04-06 21:31:32] METHOD STARTED
[2025-04-06 21:31:32] CURRENT DATE: 2025-04-22
[2025-04-06 21:31:32] NEW DATE WILL BE: 2026-04-22
[2025-04-06 21:31:32] EXECUTING QUERY: UPDATE websites SET expiry_date = ? WHERE id = ?
[2025-04-06 21:31:32] QUERY SUCCEEDED
[2025-04-06 21:31:32] ACTUAL NEW DATE IN DB: 2026-04-22
[2025-04-07 13:32:40] METHOD STARTED
[2025-04-07 13:32:40] CURRENT DATE: 2025-04-09
[2025-04-07 13:32:40] NEW DATE WILL BE: 2026-04-09
[2025-04-07 13:32:40] EXECUTING QUERY: UPDATE websites SET expiry_date = ? WHERE id = ?
[2025-04-07 13:32:40] QUERY SUCCEEDED
[2025-04-07 13:32:40] ACTUAL NEW DATE IN DB: 2026-04-09
[2025-04-30 17:00:54] METHOD STARTED
[2025-04-30 17:00:54] CURRENT DATE: 2025-04-11
[2025-04-30 17:00:54] NEW DATE WILL BE: 2026-04-11
[2025-04-30 17:00:54] EXECUTING QUERY: UPDATE websites SET expiry_date = ? WHERE id = ?
[2025-04-30 17:00:54] QUERY SUCCEEDED
[2025-04-30 17:00:54] ACTUAL NEW DATE IN DB: 2026-04-11
[2025-04-30 19:20:15] METHOD STARTED
[2025-04-30 19:20:15] CURRENT DATE: 2025-04-09
[2025-04-30 19:20:15] NEW DATE WILL BE: 2026-04-09
[2025-04-30 19:20:15] EXECUTING QUERY: UPDATE websites SET expiry_date = ? WHERE id = ?
[2025-04-30 19:20:16] QUERY SUCCEEDED
[2025-04-30 19:20:16] ACTUAL NEW DATE IN DB: 2026-04-09
